<?xml version="1.0" encoding="UTF-8"?>
<!-- Generated by org.testng.reporters.JUnitReportReporter -->
<testsuite hostname="DESKTOP-8NBBR1Q" failures="0" tests="2" name="TestRunner.TestRunnerApi" time="5.762" errors="0" timestamp="2023-11-04T17:09:53 IST" skipped="0">
  <testcase classname="TestRunner.TestRunnerApi" name="runScenario" time="3.532"/>
  <system-out/>
  <testcase classname="TestRunner.TestRunnerApi" name="runScenario" time="2.230"/>
  <system-out/>
</testsuite> <!-- TestRunner.TestRunnerApi -->
