<?xml version="1.0" encoding="UTF-8"?>
<!-- Generated by org.testng.reporters.JUnitReportReporter -->
<testsuite hostname="DESKTOP-8NBBR1Q" failures="0" tests="5" name="userTest1" time="6.299" errors="0" timestamp="2023-11-02T16:25:02 IST" skipped="0">
  <testcase classname="userTest1" name="testCreateUser" time="2.523"/>
  <system-out/>
  <testcase classname="userTest1" name="testGetSingleUserNotFoundData" time="0.920"/>
  <system-out/>
  <testcase classname="userTest1" name="TestGetSingleResourceUser" time="0.552"/>
  <system-out/>
  <testcase classname="userTest1" name="testUpdateUser" time="1.692"/>
  <system-out/>
  <testcase classname="userTest1" name="testDeleteUser" time="0.612"/>
  <system-out/>
</testsuite> <!-- userTest1 -->
