<?xml version="1.0" encoding="UTF-8"?>
<!-- Generated by org.testng.reporters.JUnitReportReporter -->
<testsuite hostname="DESKTOP-8NBBR1Q" failures="0" tests="1" name="UserTest" time="65.239" errors="0" timestamp="2023-10-31T15:42:18 IST" skipped="0">
  <testcase classname="UserTest" name="Listuser" time="65.239"/>
  <system-out/>
</testsuite> <!-- UserTest -->
